This is pdfTeX, Version 3.1415926-1.40.11 (MiKTeX 2.9) (preloaded format=pdflatex 2018.2.24)  10 MAR 2018 21:12
entering extended mode
**real*lavy.tex
("C:\Users\MASIGENIUS\Desktop\@rolix lavy\real lavy.tex"
LaTeX2e <2009/09/24>
Babel <v3.8l> and hyphenation patterns for english, afrikaans, ancientgreek, ar
abic, armenian, assamese, basque, bengali, bokmal, bulgarian, catalan, coptic, 
croatian, czech, danish, dutch, esperanto, estonian, farsi, finnish, french, ga
lician, german, german-x-2009-06-19, greek, gujarati, hindi, hungarian, iceland
ic, indonesian, interlingua, irish, italian, kannada, kurmanji, lao, latin, lat
vian, lithuanian, malayalam, marathi, mongolian, mongolianlmc, monogreek, ngerm
an, ngerman-x-2009-06-19, nynorsk, oriya, panjabi, pinyin, polish, portuguese, 
romanian, russian, sanskrit, serbian, slovak, slovenian, spanish, swedish, swis
sgerman, tamil, telugu, turkish, turkmen, ukenglish, ukrainian, uppersorbian, u
senglishmax, welsh, loaded.
("C:\Program Files (x86)\MiKTeX 2.9\tex\latex\base\article.cls"
Document Class: article 2007/10/19 v1.4h Standard LaTeX document class
("C:\Program Files (x86)\MiKTeX 2.9\tex\latex\base\size12.clo"
File: size12.clo 2007/10/19 v1.4h Standard LaTeX file (size option)
)
\c@part=\count79
\c@section=\count80
\c@subsection=\count81
\c@subsubsection=\count82
\c@paragraph=\count83
\c@subparagraph=\count84
\c@figure=\count85
\c@table=\count86
\abovecaptionskip=\skip41
\belowcaptionskip=\skip42
\bibindent=\dimen102
)
("C:\Users\MASIGENIUS\Desktop\@rolix lavy\real lavy.aux")
LaTeX Font Info:    Checking defaults for OML/cmm/m/it on input line 2.
LaTeX Font Info:    ... okay on input line 2.
LaTeX Font Info:    Checking defaults for T1/cmr/m/n on input line 2.
LaTeX Font Info:    ... okay on input line 2.
LaTeX Font Info:    Checking defaults for OT1/cmr/m/n on input line 2.
LaTeX Font Info:    ... okay on input line 2.
LaTeX Font Info:    Checking defaults for OMS/cmsy/m/n on input line 2.
LaTeX Font Info:    ... okay on input line 2.
LaTeX Font Info:    Checking defaults for OMX/cmex/m/n on input line 2.
LaTeX Font Info:    ... okay on input line 2.
LaTeX Font Info:    Checking defaults for U/cmr/m/n on input line 2.
LaTeX Font Info:    ... okay on input line 2.
 [1

{C:/Users/MASIGENIUS/AppData/Local/MiKTeX/2.9/pdftex/config/pdftex.map}]
LaTeX Font Info:    External font `cmex10' loaded for size
(Font)              <14.4> on input line 32.
LaTeX Font Info:    External font `cmex10' loaded for size
(Font)              <7> on input line 32.
 [2]
Missing character: There is no â in font cmbx12!
Missing character: There is no € in font cmbx12!
Missing character: There is no ¢ in font cmbx12!
Missing character: There is no â in font cmbx12!
Missing character: There is no € in font cmbx12!
Missing character: There is no ¢ in font cmbx12!
Missing character: There is no â in font cmbx12!
Missing character: There is no € in font cmbx12!
Missing character: There is no ¢ in font cmbx12!
Missing character: There is no â in font cmbx12!
Missing character: There is no € in font cmbx12!
Missing character: There is no ¢ in font cmbx12!

Underfull \hbox (badness 10000) in paragraph at lines 57--59
[]\OT1/cmr/m/n/12 Paul Gil. \OT1/cmr/m/it/12 Why Gmail Is Good and Bad\OT1/cmr/
m/n/12 ,
 []


Underfull \hbox (badness 10000) in paragraph at lines 57--59
\OT1/cmr/m/n/12 Internet:www.lifewire.com/review-why-gmail-is-good-and-bad-2483
272,
 []

[3]
Underfull \hbox (badness 10000) in paragraph at lines 59--62
[]\OT1/cmr/m/n/12 Vanessa Sny-der .  \OT1/cmr/m/it/12 Why do my emails say they
 were
 []


Underfull \hbox (badness 10000) in paragraph at lines 59--62
\OT1/cmr/m/it/12 sent by "Gmail" rather than my name? \OT1/cmr/m/n/12 In-ter-
 []


Overfull \hbox (88.99367pt too wide) in paragraph at lines 59--62
\OT1/cmr/m/n/12 net:www.productforums.google.com/forum/!msg/gmail/ozlU3G8pvmA/g
kRHwSH0ZpUJ,
 []


Underfull \hbox (badness 10000) in paragraph at lines 62--64
[]\OT1/cmr/m/n/12 Devon T. \OT1/cmr/m/it/12 What I like and dis-like about Gmai
l\OT1/cmr/m/n/12 ,
 []


Underfull \hbox (badness 10000) in paragraph at lines 62--64
\OT1/cmr/m/n/12 Internet:www.theguardian.com/technology/askjack/2017/jul/27/wha
t-i-
 []

[4] ("C:\Users\MASIGENIUS\Desktop\@rolix lavy\real lavy.aux") ) 
Here is how much of TeX's memory you used:
 228 strings out of 494019
 2711 string characters out of 3143867
 52862 words of memory out of 3000000
 3596 multiletter control sequences out of 15000+200000
 7010 words of font info for 25 fonts, out of 3000000 for 9000
 714 hyphenation exceptions out of 8191
 22i,6n,19p,438b,205s stack positions out of 5000i,500n,10000p,200000b,50000s
<C:/Program File
s (x86)/MiKTeX 2.9/fonts/type1/public/amsfonts/cm/cmbx12.pfb><C:/Program Files 
(x86)/MiKTeX 2.9/fonts/type1/public/amsfonts/cm/cmcsc10.pfb><C:/Program Files (
x86)/MiKTeX 2.9/fonts/type1/public/amsfonts/cm/cmr12.pfb><C:/Program Files (x86
)/MiKTeX 2.9/fonts/type1/public/amsfonts/cm/cmr17.pfb><C:/Program Files (x86)/M
iKTeX 2.9/fonts/type1/public/amsfonts/cm/cmti12.pfb>
Output written on "real lavy.pdf" (4 pages, 77411 bytes).
PDF statistics:
 35 PDF objects out of 1000 (max. 8388607)
 0 named destinations out of 1000 (max. 500000)
 1 words of extra memory for PDF output out of 10000 (max. 10000000)

